2025-07-28T15:15:28.269770 | score=0.489 | question=tu ne sais rien
2025-07-28T16:52:26.901529 | score=0.476 | question=donnez-moi à l'heure
2025-07-28T16:52:36.540962 | score=0.561 | question=donne-moi à l'heure ce que
2025-07-28T16:52:46.852290 | score=0.502 | question=donnez-moi l'heure ce qui est adapté à mes bisous
2025-07-28T16:53:08.576666 | score=0.504 | question=donnez-moi alors ce qui est adapté à mes besoins
2025-07-28T16:55:45.592899 | score=0.565 | question=je veux réserver une chambre pour deux personnes
2025-07-28T16:56:00.200654 | score=0.573 | question=j'ai mal aux dents
2025-07-28T16:56:42.583419 | score=0.627 | question=j'aimerais savoir la première disponibilité de docteur Marthe
2025-07-28T17:27:41.153521 | score=0.212 | question=test
2025-07-28T17:51:31.747362 | score=0.501 | question=bonjour
2025-07-28T17:54:56.614326 | score=0.425 | question=prix moyen
2025-07-29T10:26:17.694237 | score=0.588 | question=je ne comprends pas
2025-07-29T14:14:08.293280 | score=0.190 | question=bla bla bla bla
2025-07-29T14:15:34.363141 | score=0.302 | question=allô allô
2025-07-29T14:16:05.856684 | score=0.625 | question=louer centre d'appel
2025-07-29T14:16:16.842932 | score=0.553 | question=où se trouve tracker
2025-07-29T14:16:27.288416 | score=0.564 | question=où se trouve altra
2025-07-29T14:57:48.247680 | score=0.271 | question=kjhgohol
2025-07-29T15:30:54.180470 | score=0.566 | question=cabinet médical
2025-07-29T15:46:34.342122 | score=0.359 | question=cabinet
2025-07-29T15:57:12.039225 | score=0.271 | question=kjhgohol
2025-07-30T09:16:36.061112 | score=0.508 | question=je m'appelle Maël
2025-07-30T09:37:09.945398 | score=0.626 | question=je veux contacter un docteur
2025-07-30T10:55:37.148210 | score=0.734 | question=bonjour je veux réserver une cabinet
2025-07-30T11:42:01.878557 | score=0.240 | question=pièces Achraf
2025-07-30T11:43:10.176672 | score=0.323 | question=allô
2025-07-30T11:43:22.884757 | score=0.415 | question=ferme ta gueule
2025-07-30T12:14:30.178358 | score=0.627 | question=je veux un assistant
2025-07-30T12:14:44.366222 | score=0.581 | question=un cabinet disponible
2025-07-30T12:15:04.368601 | score=0.642 | question=quels sont vos disponibilités
2025-07-30T13:02:22.079089 | score=0.509 | question=c'est faux comme réponse
2025-07-30T13:02:32.811184 | score=0.455 | question=d'accord
2025-07-30T13:06:38.975695 | score=0.239 | question=OK
2025-07-30T15:12:41.315664 | score=0.374 | question=cadeau
2025-07-30T15:28:32.659170 | score=0.186 | question=bla bla bla
2025-07-30T15:34:43.965432 | score=0.174 | question=casting
2025-07-30T15:36:38.868528 | score=0.174 | question=casting
2025-07-30T15:36:55.916513 | score=0.174 | question=casting
2025-07-30T15:44:25.960151 | score=0.174 | question=casting
2025-07-30T15:44:57.963116 | score=0.186 | question=bla bla bla
2025-07-30T15:51:04.003217 | score=0.237 | question=kkkkkkk
2025-07-30T15:51:33.789417 | score=0.174 | question=casting
2025-07-30T16:12:01.945145 | score=0.237 | question=kkkkkkk
2025-07-31T17:21:42.539664 | score=0.338 | question=Achraf
2025-07-31T17:54:51.718401 | score=0.321 | question=Bnj
2025-07-31T17:56:06.796853 | score=0.321 | question=Bnj
2025-07-31T17:57:05.171174 | score=0.279 | question=allo allo allo ya 3omri winek
2025-08-01T09:23:30.830814 | score=0.279 | question=allo allo allo ya 3omri winek
2025-08-01T09:39:31.274599 | score=0.279 | question=allo allo allo ya 3omri winek
2025-08-01T09:48:42.520484 | score=0.242 | question=allo allo allo ya 3omri winek
2025-08-01T09:49:24.301344 | score=0.525 | question=je veux prendre un rendez vous
2025-08-01T09:50:00.564386 | score=0.245 | question=ok dis moi 
2025-08-01T10:00:25.746158 | score=0.245 | question=ok dis moi 
2025-08-01T10:03:10.655104 | score=0.525 | question=je veux prendre un rendez vous
2025-08-01T10:03:38.881814 | score=0.181 | question=martin
2025-08-01T10:05:16.612774 | score=0.399 | question=Le docteur Martin
2025-08-01T10:05:21.492886 | score=0.399 | question=Le docteur Martin
2025-08-01T10:46:03.832772 | score=0.525 | question=je veux prendre un rendez vous
